<?xml version="1.0" encoding="UTF-8" ?>
<testsuite errors="0" failures="0" hostname="Tino-PC" name="de.boehmke.beispielrechner.BeispielBerechnungTest" skipped="0" tests="9" time="0.167" timestamp="2020-07-06T14:14:10">
  <properties>
    <property name="ant.library.dir" value="C:\Users\tinob\.p2\pool\plugins\org.apache.ant_1.10.8.v20200515-1239\lib" />
    <property name="env.NUMBER_OF_PROCESSORS" value="4" />
    <property name="java.specification.version" value="13" />
    <property name="env.USERPROFILE" value="C:\Users\tinob" />
    <property name="ant.project.name" value="BeispielAnt" />
    <property name="sun.cpu.isalist" value="amd64" />
    <property name="sun.jnu.encoding" value="Cp1252" />
    <property name="osgi.nl" value="de_DE" />
    <property name="osgi.syspath" value="c:\Users\tinob\.p2\pool\plugins" />
    <property name="sun.arch.data.model" value="64" />
    <property name="osgi.instance.area.default" value="file:/C:/Users/tinob/eclipse-workspace/" />
    <property name="equinox.init.uuid" value="true" />
    <property name="debuglevel" value="source,lines,vars" />
    <property name="env.FPS_BROWSER_APP_PROFILE_STRING" value="Internet Explorer" />
    <property name="eclipse.vmargs" value="-Dosgi.requiredJavaVersion=1.8&#xa;-Dosgi.instance.area.default=@user.home/eclipse-workspace&#xa;-XX:+UseG1GC&#xa;-XX:+UseStringDeduplication&#xa;--add-modules=ALL-SYSTEM&#xa;-Dosgi.requiredJavaVersion=1.8&#xa;-Dosgi.dataAreaRequiresExplicitInit=true&#xa;-Xms256m&#xa;-Xmx2048m&#xa;--add-modules=ALL-SYSTEM&#xa;-Declipse.p2.max.threads=10&#xa;-Doomph.update.url=http://download.eclipse.org/oomph/updates/milestone/latest&#xa;-Doomph.redirection.index.redirection=index:/-&gt;http://git.eclipse.org/c/oomph/org.eclipse.oomph.git/plain/setups/&#xa;-Djava.class.path=C:\Users\tinob\eclipse\java-2020-06\eclipse\\plugins/org.eclipse.equinox.launcher_1.5.700.v20200207-2156.jar&#xa;" />
    <property name="ds.delayed.keepInstances.default" value="true" />
    <property name="env.CommonProgramW6432" value="C:\Program Files\Common Files" />
    <property name="java.vendor.url" value="https://java.oracle.com/" />
    <property name="org.osgi.framework.system.capabilities" value="osgi.ee; osgi.ee=&quot;OSGi/Minimum&quot;; version:List&lt;Version&gt;=&quot;1.0, 1.1, 1.2&quot;, osgi.ee; osgi.ee=&quot;JRE&quot;; version:List&lt;Version&gt;=&quot;1.0, 1.1&quot;, osgi.ee; osgi.ee=&quot;JavaSE&quot;; version:List&lt;Version&gt;=&quot;1.0, 1.1, 1.2, 1.3, 1.4, 1.5, 1.6, 1.7, 1.8, 9.0, 10.0, 11.0, 12.0, 13.0&quot;,osgi.ee; osgi.ee=&quot;JavaSE/compact1&quot;; version:List&lt;Version&gt;=&quot;1.8, 9.0, 10.0, 11.0, 12.0, 13.0&quot;,osgi.ee; osgi.ee=&quot;JavaSE/compact2&quot;; version:List&lt;Version&gt;=&quot;1.8, 9.0, 10.0, 11.0, 12.0, 13.0&quot;,osgi.ee; osgi.ee=&quot;JavaSE/compact3&quot;; version:List&lt;Version&gt;=&quot;1.8, 9.0, 10.0, 11.0, 12.0, 13.0&quot;" />
    <property name="version.number" value="1.0" />
    <property name="env.OS" value="Windows_NT" />
    <property name="sun.boot.library.path" value="C:\Program Files\Java\jdk-13.0.2\bin" />
    <property name="output.dir" value="junit" />
    <property name="sun.java.command" value="org.apache.tools.ant.taskdefs.optional.junit.JUnitTestRunner de.boehmke.beispielrechner.BeispielBerechnungTest skipNonTests=false filtertrace=true haltOnError=false haltOnFailure=false formatter=org.apache.tools.ant.taskdefs.optional.junit.OutErrSummaryJUnitResultFormatter showoutput=false outputtoformatters=true logfailedtests=true threadid=0 logtestlistenerevents=false formatter=org.apache.tools.ant.taskdefs.optional.junit.XMLJUnitResultFormatter,G:\Cloud\OneDrive\Dokumente\Wirtschaftsinformatik Beuth\alles Java\GitHub\BeispielAnt\testreport\TEST-de.boehmke.beispielrechner.BeispielBerechnungTest.xml crashfile=G:\Cloud\OneDrive\Dokumente\Wirtschaftsinformatik Beuth\alles Java\GitHub\BeispielAnt\junitvmwatcher6005321067697000551.properties propsfile=G:\Cloud\OneDrive\Dokumente\Wirtschaftsinformatik Beuth\alles Java\GitHub\BeispielAnt\junit6200695576298137420.properties" />
    <property name="jdk.debug" value="release" />
    <property name="org.eclipse.equinox.launcher.splash.location" value="C:\Users\tinob\.p2\pool\plugins\org.eclipse.epp.package.common_4.16.0.20200615-1200\splash.bmp" />
    <property name="org.osgi.supports.framework.requirebundle" value="true" />
    <property name="env.ComSpec" value="C:\Windows\system32\cmd.exe" />
    <property name="osgi.arch" value="x86_64" />
    <property name="org.eclipse.equinox.simpleconfigurator.configUrl" value="file:org.eclipse.equinox.simpleconfigurator/bundles.info" />
    <property name="org.osgi.framework.language" value="de" />
    <property name="java.specification.vendor" value="Oracle Corporation" />
    <property name="org.osgi.framework.system.packages" value="com.sun.jarsigner, com.sun.java.accessibility.util, com.sun.jdi, com.sun.jdi.connect, com.sun.jdi.connect.spi, com.sun.jdi.event, com.sun.jdi.request, com.sun.management, com.sun.net.httpserver, com.sun.net.httpserver.spi, com.sun.nio.file, com.sun.nio.sctp, com.sun.security.auth, com.sun.security.auth.callback, com.sun.security.auth.login, com.sun.security.auth.module, com.sun.security.jgss, com.sun.source.doctree, com.sun.source.tree, com.sun.source.util, com.sun.tools.attach, com.sun.tools.attach.spi, com.sun.tools.javac, com.sun.tools.jconsole, java.applet, java.awt, java.awt.color, java.awt.datatransfer, java.awt.desktop, java.awt.dnd, java.awt.event, java.awt.font, java.awt.geom, java.awt.im, java.awt.im.spi, java.awt.image, java.awt.image.renderable, java.awt.print, java.beans, java.beans.beancontext, java.io, java.lang, java.lang.annotation, java.lang.constant, java.lang.instrument, java.lang.invoke, java.lang.management, java.lang.module, java.lang.ref, java.lang.reflect, java.math, java.net, java.net.http, java.net.spi, java.nio, java.nio.channels, java.nio.channels.spi, java.nio.charset, java.nio.charset.spi, java.nio.file, java.nio.file.attribute, java.nio.file.spi, java.rmi, java.rmi.activation, java.rmi.dgc, java.rmi.registry, java.rmi.server, java.security, java.security.acl, java.security.cert, java.security.interfaces, java.security.spec, java.sql, java.text, java.text.spi, java.time, java.time.chrono, java.time.format, java.time.temporal, java.time.zone, java.util, java.util.concurrent, java.util.concurrent.atomic, java.util.concurrent.locks, java.util.function, java.util.jar, java.util.logging, java.util.prefs, java.util.regex, java.util.spi, java.util.stream, java.util.zip, javax.accessibility, javax.annotation.processing, javax.crypto, javax.crypto.interfaces, javax.crypto.spec, javax.imageio, javax.imageio.event, javax.imageio.metadata, javax.imageio.plugins.bmp, javax.imageio.plugins.jpeg, javax.imageio.plugins.tiff, javax.imageio.spi, javax.imageio.stream, javax.lang.model, javax.lang.model.element, javax.lang.model.type, javax.lang.model.util, javax.management, javax.management.loading, javax.management.modelmbean, javax.management.monitor, javax.management.openmbean, javax.management.relation, javax.management.remote, javax.management.remote.rmi, javax.management.timer, javax.naming, javax.naming.directory, javax.naming.event, javax.naming.ldap, javax.naming.ldap.spi, javax.naming.spi, javax.net, javax.net.ssl, javax.print, javax.print.attribute, javax.print.attribute.standard, javax.print.event, javax.rmi.ssl, javax.script, javax.security.auth, javax.security.auth.callback, javax.security.auth.kerberos, javax.security.auth.login, javax.security.auth.spi, javax.security.auth.x500, javax.security.cert, javax.security.sasl, javax.smartcardio, javax.sound.midi, javax.sound.midi.spi, javax.sound.sampled, javax.sound.sampled.spi, javax.sql, javax.sql.rowset, javax.sql.rowset.serial, javax.sql.rowset.spi, javax.swing, javax.swing.border, javax.swing.colorchooser, javax.swing.event, javax.swing.filechooser, javax.swing.plaf, javax.swing.plaf.basic, javax.swing.plaf.metal, javax.swing.plaf.multi, javax.swing.plaf.nimbus, javax.swing.plaf.synth, javax.swing.table, javax.swing.text, javax.swing.text.html, javax.swing.text.html.parser, javax.swing.text.rtf, javax.swing.tree, javax.swing.undo, javax.tools, javax.transaction.xa, javax.xml, javax.xml.catalog, javax.xml.crypto, javax.xml.crypto.dom, javax.xml.crypto.dsig, javax.xml.crypto.dsig.dom, javax.xml.crypto.dsig.keyinfo, javax.xml.crypto.dsig.spec, javax.xml.datatype, javax.xml.namespace, javax.xml.parsers, javax.xml.stream, javax.xml.stream.events, javax.xml.stream.util, javax.xml.transform, javax.xml.transform.dom, javax.xml.transform.sax, javax.xml.transform.stax, javax.xml.transform.stream, javax.xml.validation, javax.xml.xpath, jdk.dynalink, jdk.dynalink.beans, jdk.dynalink.linker, jdk.dynalink.linker.support, jdk.dynalink.support, jdk.javadoc.doclet, jdk.jfr, jdk.jfr.consumer, jdk.jshell, jdk.jshell.execution, jdk.jshell.spi, jdk.jshell.tool, jdk.management.jfr, jdk.nashorn.api.scripting, jdk.nashorn.api.tree, jdk.net, jdk.nio, jdk.security.jarsigner, jdk.swing.interop, netscape.javascript, org.ietf.jgss, org.w3c.dom, org.w3c.dom.bootstrap, org.w3c.dom.css, org.w3c.dom.events, org.w3c.dom.html, org.w3c.dom.ls, org.w3c.dom.ranges, org.w3c.dom.stylesheets, org.w3c.dom.traversal, org.w3c.dom.views, org.w3c.dom.xpath, org.xml.sax, org.xml.sax.ext, org.xml.sax.helpers, sun.misc, sun.reflect" />
    <property name="gosh.args" value="--nointeractive" />
    <property name="eclipse.application" value="org.eclipse.ui.ide.workbench" />
    <property name="eclipse.launcher.name" value="Eclipse" />
    <property name="java.version.date" value="2020-01-14" />
    <property name="java.home" value="C:\Program Files\Java\jdk-13.0.2" />
    <property name="currentVersion" value="1.0" />
    <property name="env.ProgramFiles" value="C:\Program Files" />
    <property name="basedir" value="G:\Cloud\OneDrive\Dokumente\Wirtschaftsinformatik Beuth\alles Java\GitHub\BeispielAnt" />
    <property name="file.separator" value="\" />
    <property name="java.vm.compressedOopsMode" value="32-bit" />
    <property name="line.separator" value="&#xd;&#xa;" />
    <property name="org.osgi.framework.executionenvironment" value="OSGi/Minimum-1.0, OSGi/Minimum-1.1, OSGi/Minimum-1.2, JavaSE/compact1-1.8, JavaSE/compact2-1.8, JavaSE/compact3-1.8, JRE-1.1, J2SE-1.2, J2SE-1.3, J2SE-1.4, J2SE-1.5, JavaSE-1.6, JavaSE-1.7, JavaSE-1.8, JavaSE-9, JavaSE-10, JavaSE-11, JavaSE-12, JavaSE-13" />
    <property name="java.vm.specification.vendor" value="Oracle Corporation" />
    <property name="java.specification.name" value="Java Platform API Specification" />
    <property name="osgi.compatibility.bootdelegation.default" value="true" />
    <property name="eclipse.buildId" value="4.16.0.I20200604-0540" />
    <property name="env.LOCALAPPDATA" value="C:\Users\tinob\AppData\Local" />
    <property name="env.USERDOMAIN_ROAMINGPROFILE" value="TINO-PC" />
    <property name="env.PROCESSOR_REVISION" value="3001" />
    <property name="echo.classpath" value="C:\Users\tinob\.p2\pool\plugins\org.junit_4.13.0.v20200204-1500.jar&#xd;&#xa;C:\Users\tinob\.p2\pool\plugins\org.hamcrest.core_1.3.0.v20180420-1519.jar" />
    <property name="env.PSModulePath" value="C:\Program Files\WindowsPowerShell\Modules;C:\Windows\system32\WindowsPowerShell\v1.0\Modules" />
    <property name="user.script" value="" />
    <property name="sun.management.compiler" value="HotSpot 64-Bit Tiered Compilers" />
    <property name="env.PROCESSOR_IDENTIFIER" value="AMD64 Family 21 Model 48 Stepping 1, AuthenticAMD" />
    <property name="java.runtime.version" value="13.0.2+8" />
    <property name="org.eclipse.swt.internal.deviceZoom" value="100" />
    <property name="user.name" value="tinob" />
    <property name="env.DriverData" value="C:\Windows\System32\Drivers\DriverData" />
    <property name="env.ProgramW6432" value="C:\Program Files" />
    <property name="env.CommonProgramFiles" value="C:\Program Files\Common Files" />
    <property name="osgi.framework.useSystemProperties" value="true" />
    <property name="org.osgi.framework.vendor" value="Eclipse" />
    <property name="env.PUBLIC" value="C:\Users\Public" />
    <property name="file.encoding" value="Cp1252" />
    <property name="guice.disable.misplaced.annotation.check" value="true" />
    <property name="oomph.redirection.index.redirection" value="index:/-&gt;http://git.eclipse.org/c/oomph/org.eclipse.oomph.git/plain/setups/" />
    <property name="env.COMPUTERNAME" value="TINO-PC" />
    <property name="osgi.framework.extensions" value="reference:file:org.eclipse.osgi.compatibility.state_1.1.800.v20200511-1223.jar,reference:file:org.eclipse.osgi.nl_de_4.6.0.v20161126060001.jar" />
    <property name="env.HOMEPATH" value="\Users\tinob" />
    <property name="dist.dir" value="G:\Cloud\OneDrive\Dokumente\Wirtschaftsinformatik Beuth\alles Java\GitHub\BeispielAnt\dist" />
    <property name="build.dir" value="G:\Cloud\OneDrive\Dokumente\Wirtschaftsinformatik Beuth\alles Java\GitHub\BeispielAnt\bin" />
    <property name="env.SystemDrive" value="C:" />
    <property name="env.APPDATA" value="C:\Users\tinob\AppData\Roaming" />
    <property name="env.ProgramData" value="C:\ProgramData" />
    <property name="java.io.tmpdir" value="C:\Users\tinob\AppData\Local\Temp\" />
    <property name="eclipse.home.location" value="file:/C:/Users/tinob/eclipse/java-2020-06/eclipse/" />
    <property name="java.version" value="13.0.2" />
    <property name="env.HOMEDRIVE" value="C:" />
    <property name="env.Path" value="C:/Program Files/Java/jdk-13.0.2/bin/server;C:/Program Files/Java/jdk-13.0.2/bin;C:\Program Files (x86)\Common Files\Oracle\Java\javapath;C:\Windows\system32;C:\Windows;C:\Windows\System32\Wbem;C:\Windows\System32\WindowsPowerShell\v1.0\;C:\Windows\System32\OpenSSH\;C:\Program Files\Java\jdk-13.0.2\bin;C:\Users\tinob\AppData\Local\Microsoft\WindowsApps;C:\Users\tinob\AppData\Local\GitHubDesktop\bin;C:\Users\tinob\AppData\Local\atom\bin;G:\Cloud\OneDrive\Desktop;" />
    <property name="env.PROCESSOR_LEVEL" value="21" />
    <property name="env.TMP" value="C:\Users\tinob\AppData\Local\Temp" />
    <property name="osgi.bundles.defaultStartLevel" value="4" />
    <property name="java.vm.specification.name" value="Java Virtual Machine Specification" />
    <property name="ant.home" value="C:\Users\tinob\.p2\pool\plugins\org.apache.ant_1.10.8.v20200515-1239" />
    <property name="sun.os.patch.level" value="" />
    <property name="ant.version" value="Apache Ant(TM) version 1.10.8 compiled on May 10 2020" />
    <property name="eclipse.running" value="true" />
    <property name="java.library.path" value="C:\Program Files\Java\jdk-13.0.2\bin;C:\Windows\Sun\Java\bin;C:\Windows\system32;C:\Windows;C:/Program Files/Java/jdk-13.0.2/bin/server;C:/Program Files/Java/jdk-13.0.2/bin;C:\Program Files (x86)\Common Files\Oracle\Java\javapath;C:\Windows\system32;C:\Windows;C:\Windows\System32\Wbem;C:\Windows\System32\WindowsPowerShell\v1.0\;C:\Windows\System32\OpenSSH\;C:\Program Files\Java\jdk-13.0.2\bin;C:\Users\tinob\AppData\Local\Microsoft\WindowsApps;C:\Users\tinob\AppData\Local\GitHubDesktop\bin;C:\Users\tinob\AppData\Local\atom\bin;G:\Cloud\OneDrive\Desktop;;." />
    <property name="java.vendor" value="Oracle Corporation" />
    <property name="env.LOGONSERVER" value="\\TINO-PC" />
    <property name="osgi.requiredJavaVersion" value="1.8" />
    <property name="org.eclipse.debug.ui.breakpoints.toggleFactoriesUsed" value="false" />
    <property name="sun.io.unicode.encoding" value="UnicodeLittle" />
    <property name="docs.dir" value="G:\Cloud\OneDrive\Dokumente\Wirtschaftsinformatik Beuth\alles Java\GitHub\BeispielAnt\docs" />
    <property name="eclipse.stateSaveDelayInterval" value="30000" />
    <property name="org.osgi.framework.version" value="1.9.0" />
    <property name="env.CLASSPHATH" value="C:\Program Files\Java\jdk-13.0.2\lib\*.jar" />
    <property name="java.class.path" value="G:\Cloud\OneDrive\Dokumente\Wirtschaftsinformatik Beuth\alles Java\GitHub\BeispielAnt\bin;C:\Users\tinob\.p2\pool\plugins\org.junit_4.13.0.v20200204-1500.jar;C:\Users\tinob\.p2\pool\plugins\org.hamcrest.core_1.3.0.v20180420-1519.jar;C:\Users\tinob\.p2\pool\plugins\org.apache.ant_1.10.8.v20200515-1239\lib\ant-launcher.jar;C:\Users\tinob\.p2\pool\plugins\org.apache.ant_1.10.8.v20200515-1239\lib\ant.jar;C:\Users\tinob\.p2\pool\plugins\org.apache.ant_1.10.8.v20200515-1239\lib\ant-junit.jar;C:\Users\tinob\.p2\pool\plugins\org.apache.ant_1.10.8.v20200515-1239\lib\ant-junit4.jar;C:\Users\tinob\.p2\pool\plugins\org.apache.ant_1.10.8.v20200515-1239\lib\ant-antlr.jar;C:\Users\tinob\.p2\pool\plugins\org.apache.ant_1.10.8.v20200515-1239\lib\ant-apache-bcel.jar;C:\Users\tinob\.p2\pool\plugins\org.apache.ant_1.10.8.v20200515-1239\lib\ant-apache-bsf.jar;C:\Users\tinob\.p2\pool\plugins\org.apache.ant_1.10.8.v20200515-1239\lib\ant-apache-log4j.jar;C:\Users\tinob\.p2\pool\plugins\org.apache.ant_1.10.8.v20200515-1239\lib\ant-apache-oro.jar;C:\Users\tinob\.p2\pool\plugins\org.apache.ant_1.10.8.v20200515-1239\lib\ant-apache-regexp.jar;C:\Users\tinob\.p2\pool\plugins\org.apache.ant_1.10.8.v20200515-1239\lib\ant-apache-resolver.jar;C:\Users\tinob\.p2\pool\plugins\org.apache.ant_1.10.8.v20200515-1239\lib\ant-apache-xalan2.jar;C:\Users\tinob\.p2\pool\plugins\org.apache.ant_1.10.8.v20200515-1239\lib\ant-commons-logging.jar;C:\Users\tinob\.p2\pool\plugins\org.apache.ant_1.10.8.v20200515-1239\lib\ant-commons-net.jar;C:\Users\tinob\.p2\pool\plugins\org.apache.ant_1.10.8.v20200515-1239\lib\ant-imageio.jar;C:\Users\tinob\.p2\pool\plugins\org.apache.ant_1.10.8.v20200515-1239\lib\ant-jai.jar;C:\Users\tinob\.p2\pool\plugins\org.apache.ant_1.10.8.v20200515-1239\lib\ant-javamail.jar;C:\Users\tinob\.p2\pool\plugins\org.apache.ant_1.10.8.v20200515-1239\lib\ant-jdepend.jar;C:\Users\tinob\.p2\pool\plugins\org.apache.ant_1.10.8.v20200515-1239\lib\ant-jmf.jar;C:\Users\tinob\.p2\pool\plugins\org.apache.ant_1.10.8.v20200515-1239\lib\ant-jsch.jar;C:\Users\tinob\.p2\pool\plugins\org.apache.ant_1.10.8.v20200515-1239\lib\ant-junitlauncher.jar;C:\Users\tinob\.p2\pool\plugins\org.apache.ant_1.10.8.v20200515-1239\lib\ant-netrexx.jar;C:\Users\tinob\.p2\pool\plugins\org.apache.ant_1.10.8.v20200515-1239\lib\ant-swing.jar;C:\Users\tinob\.p2\pool\plugins\org.apache.ant_1.10.8.v20200515-1239\lib\ant-testutil.jar;C:\Users\tinob\.p2\pool\plugins\org.apache.ant_1.10.8.v20200515-1239\lib\ant-xz.jar;C:\Users\tinob\eclipse\java-2020-06\eclipse\configuration\org.eclipse.osgi\88\0\.cp\ant_tasks\resources-ant.jar;C:\Users\tinob\eclipse\java-2020-06\eclipse\configuration\org.eclipse.osgi\167\0\.cp\ant_tasks\director-ant.jar;C:\Users\tinob\eclipse\java-2020-06\eclipse\configuration\org.eclipse.osgi\174\0\.cp\lib\jarprocessor-ant.jar;C:\Users\tinob\eclipse\java-2020-06\eclipse\configuration\org.eclipse.osgi\176\0\.cp\ant_tasks\metadataRepository-ant.jar;C:\Users\tinob\eclipse\java-2020-06\eclipse\configuration\org.eclipse.osgi\179\0\.cp\ant_tasks\pdepublishing-ant.jar;C:\Users\tinob\eclipse\java-2020-06\eclipse\configuration\org.eclipse.osgi\182\0\.cp\lib\repository-tools-ant.jar;C:\Users\tinob\eclipse\java-2020-06\eclipse\configuration\org.eclipse.osgi\200\0\.cp\ant_tasks\helpbase-ant.jar;C:\Users\tinob\eclipse\java-2020-06\eclipse\configuration\org.eclipse.osgi\211\0\.cp\jdtCompilerAdapter.jar;C:\Users\tinob\eclipse\java-2020-06\eclipse\configuration\org.eclipse.osgi\64\0\.cp\lib\antsupportlib.jar;C:\Users\tinob\eclipse\java-2020-06\eclipse\configuration\org.eclipse.osgi\65\0\.cp\lib\loggers.jar;C:\Users\tinob\eclipse\java-2020-06\eclipse\configuration\org.eclipse.osgi\65\0\.cp\lib\antdebug.jar;C:\Users\tinob\eclipse\java-2020-06\eclipse\configuration\org.eclipse.osgi\65\0\.cp\lib\remote.jar;C:\Users\tinob\eclipse\java-2020-06\eclipse\configuration\org.eclipse.osgi\66\0\.cp\lib\antrunner.jar;C:\Users\tinob\eclipse\java-2020-06\eclipse\configuration\org.eclipse.osgi\66\0\.cp\lib\remoteAnt.jar" />
    <property name="java.vm.vendor" value="Oracle Corporation" />
    <property name="env.PROCESSOR_ARCHITECTURE" value="AMD64" />
    <property name="user.variant" value="" />
    <property name="user.timezone" value="Europe/Berlin" />
    <property name="org.osgi.framework.uuid" value="280671fc-9b19-4927-9f7f-ab1f29bdb50d" />
    <property name="env.SystemRoot" value="C:\Windows" />
    <property name="build.sysclasspath" value="last" />
    <property name="org.osgi.framework.processor" value="x86-64" />
    <property name="os.name" value="Windows 10" />
    <property name="java.vm.specification.version" value="13" />
    <property name="user.country" value="DE" />
    <property name="sun.java.launcher" value="SUN_STANDARD" />
    <property name="oomph.update.url" value="http://download.eclipse.org/oomph/updates/milestone/latest" />
    <property name="env.USERDOMAIN" value="TINO-PC" />
    <property name="env.=::" value="::\" />
    <property name="sun.cpu.endian" value="little" />
    <property name="test.dir" value="G:\Cloud\OneDrive\Dokumente\Wirtschaftsinformatik Beuth\alles Java\GitHub\BeispielAnt\Tests" />
    <property name="osgi.logfile" value="G:\Cloud\OneDrive\Dokumente\Wirtschaftsinformatik Beuth\alles Java\GitHub\.metadata\.log" />
    <property name="osgi.install.area" value="file:/C:/Users/tinob/eclipse/java-2020-06/eclipse/" />
    <property name="user.home" value="C:\Users\tinob" />
    <property name="user.language" value="de" />
    <property name="maven.defaultProjectBuilder.disableGlobalModelCache" value="true" />
    <property name="osgi.tracefile" value="G:\Cloud\OneDrive\Dokumente\Wirtschaftsinformatik Beuth\alles Java\GitHub\.metadata\trace.log" />
    <property name="eclipse.home" value="C:\Users\tinob\eclipse\java-2020-06\eclipse" />
    <property name="env.ALLUSERSPROFILE" value="C:\ProgramData" />
    <property name="ant.java.version" value="13" />
    <property name="ant.file.type.BeispielAnt" value="file" />
    <property name="env.SESSIONNAME" value="Console" />
    <property name="ds.delayed.keepInstances" value="true" />
    <property name="eclipse.product" value="org.eclipse.epp.package.java.product" />
    <property name="eclipse.vm" value="C:/Program Files/Java/jdk-13.0.2/bin\server\jvm.dll" />
    <property name="test.report.dir" value="G:\Cloud\OneDrive\Dokumente\Wirtschaftsinformatik Beuth\alles Java\GitHub\BeispielAnt\testreport" />
    <property name="env.windir" value="C:\Windows" />
    <property name="versionFileName" value="build.properties" />
    <property name="eclipse.commands" value="-os&#xa;win32&#xa;-ws&#xa;win32&#xa;-arch&#xa;x86_64&#xa;-showsplash&#xa;C:\Users\tinob\.p2\pool\plugins\org.eclipse.epp.package.common_4.16.0.20200615-1200\splash.bmp&#xa;-launcher&#xa;C:\Users\tinob\eclipse\java-2020-06\eclipse\eclipse.exe&#xa;-name&#xa;Eclipse&#xa;--launcher.library&#xa;C:\Users\tinob\.p2\pool\plugins\org.eclipse.equinox.launcher.win32.win32.x86_64_1.1.1200.v20200508-1552\eclipse_11000.dll&#xa;-startup&#xa;C:\Users\tinob\eclipse\java-2020-06\eclipse\\plugins/org.eclipse.equinox.launcher_1.5.700.v20200207-2156.jar&#xa;--launcher.appendVmargs&#xa;-product&#xa;org.eclipse.epp.package.java.product&#xa;-vm&#xa;C:/Program Files/Java/jdk-13.0.2/bin\server\jvm.dll&#xa;" />
    <property name="ant.file" value="G:\Cloud\OneDrive\Dokumente\Wirtschaftsinformatik Beuth\alles Java\GitHub\BeispielAnt\Build.xml" />
    <property name="path.separator" value=";" />
    <property name="eclipse.p2.max.threads" value="10" />
    <property name="osgi.compatibility.bootdelegation" value="true" />
    <property name="os.version" value="10.0" />
    <property name="env.CommonProgramFiles(x86)" value="C:\Program Files (x86)\Common Files" />
    <property name="java.runtime.name" value="Java(TM) SE Runtime Environment" />
    <property name="env.PATHEXT" value=".COM;.EXE;.BAT;.CMD;.VBS;.VBE;.JS;.JSE;.WSF;.WSH;.MSC" />
    <property name="org.osgi.supports.framework.fragment" value="true" />
    <property name="osgi.bundles" value="reference:file:org.eclipse.osgi.compatibility.state_1.1.800.v20200511-1223.jar,reference:file:org.eclipse.osgi.nl_de_4.6.0.v20161126060001.jar,reference:file:org.eclipse.equinox.simpleconfigurator_1.3.500.v20200211-1505.jar@1:start" />
    <property name="ant.project.invoked-targets" value="all" />
    <property name="osgi.framework.shape" value="jar" />
    <property name="eclipse.p2.profile" value="C__Users_tinob_eclipse_java-2020-06_eclipse" />
    <property name="java.vm.name" value="Java HotSpot(TM) 64-Bit Server VM" />
    <property name="osgi.framework" value="file:/C:/Users/tinob/.p2/pool/plugins/org.eclipse.osgi_3.15.300.v20200520-1959.jar" />
    <property name="osgi.configuration.area" value="file:/C:/Users/tinob/eclipse/java-2020-06/eclipse/configuration/" />
    <property name="osgi.dataAreaRequiresExplicitInit" value="true" />
    <property name="osgi.os" value="win32" />
    <property name="ant.core.lib" value="C:\Users\tinob\.p2\pool\plugins\org.apache.ant_1.10.8.v20200515-1239\lib\ant.jar" />
    <property name="java.vendor.url.bug" value="https://bugreport.java.com/bugreport/" />
    <property name="osgi.splashLocation" value="C:\Users\tinob\.p2\pool\plugins\org.eclipse.epp.package.common_4.16.0.20200615-1200\splash.bmp" />
    <property name="org.osgi.framework.os.name" value="Windows10" />
    <property name="org.eclipse.m2e.log.dir" value="G:\Cloud\OneDrive\Dokumente\Wirtschaftsinformatik Beuth\alles Java\GitHub\.metadata\.plugins\org.eclipse.m2e.logback.configuration" />
    <property name="applicationXMI" value="org.eclipse.ui.workbench/LegacyIDE.e4xmi" />
    <property name="osgi.splashPath" value="file:/C:/Users/tinob/.p2/pool/plugins/org.eclipse.platform_4.16.0.v20200604-0540" />
    <property name="org.osgi.supports.framework.extension" value="true" />
    <property name="org.osgi.framework.storage" value="C:\Users\tinob\eclipse\java-2020-06\eclipse\configuration" />
    <property name="user.dir" value="G:\Cloud\OneDrive\Desktop" />
    <property name="os.arch" value="amd64" />
    <property name="env.USERNAME" value="tinob" />
    <property name="osgi.ws" value="win32" />
    <property name="osgi.instance.area" value="file:/G:/Cloud/OneDrive/Dokumente/Wirtschaftsinformatik Beuth/alles Java/GitHub/" />
    <property name="eclipse.launcher" value="C:\Users\tinob\eclipse\java-2020-06\eclipse\eclipse.exe" />
    <property name="env.OneDriveConsumer" value="G:\Cloud\OneDrive" />
    <property name="xmlschema.present" value="true" />
    <property name="ant.file.BeispielAnt" value="G:\Cloud\OneDrive\Dokumente\Wirtschaftsinformatik Beuth\alles Java\GitHub\BeispielAnt\Build.xml" />
    <property name="osgi.frameworkClassPath" value="., file:C:/Users/tinob/.p2/pool/plugins/org.eclipse.osgi.compatibility.state_1.1.800.v20200511-1223.jar, file:C:/Users/tinob/.p2/pool/plugins/org.eclipse.osgi.nl_de_4.6.0.v20161126060001.jar" />
    <property name="eclipse.startTime" value="1594011861413" />
    <property name="env.ProgramFiles(x86)" value="C:\Program Files (x86)" />
    <property name="org.osgi.framework.os.version" value="10.0.0" />
    <property name="java.vm.info" value="mixed mode, sharing" />
    <property name="java.vm.version" value="13.0.2+8" />
    <property name="env.FPS_BROWSER_USER_PROFILE_STRING" value="Default" />
    <property name="eclipse.p2.data.area" value="file:/C:/Users/tinob/.p2/" />
    <property name="env.TEMP" value="C:\Users\tinob\AppData\Local\Temp" />
    <property name="org.apache.commons.logging.Log" value="org.apache.commons.logging.impl.NoOpLog" />
    <property name="build.number" value="52" />
    <property name="java.class.version" value="57.0" />
    <property name="env.OneDrive" value="G:\Cloud\OneDrive" />
    <property name="src.dir" value="G:\Cloud\OneDrive\Dokumente\Wirtschaftsinformatik Beuth\alles Java\GitHub\BeispielAnt\src" />
    <property name="ant.project.default-target" value="run" />
  </properties>
  <testcase classname="de.boehmke.beispielrechner.BeispielBerechnungTest" name="testDivByZero" time="0.007" />
  <testcase classname="de.boehmke.beispielrechner.BeispielBerechnungTest" name="testAddFail" time="0.001" />
  <testcase classname="de.boehmke.beispielrechner.BeispielBerechnungTest" name="testAdd" time="0.001" />
  <testcase classname="de.boehmke.beispielrechner.BeispielBerechnungTest" name="testDiv" time="0.0" />
  <testcase classname="de.boehmke.beispielrechner.BeispielBerechnungTest" name="testMal" time="0.0" />
  <testcase classname="de.boehmke.beispielrechner.BeispielBerechnungTest" name="testSub" time="0.001" />
  <testcase classname="de.boehmke.beispielrechner.BeispielBerechnungTest" name="testMalZero" time="0.001" />
  <testcase classname="de.boehmke.beispielrechner.BeispielBerechnungTest" name="testDivFail" time="0.0" />
  <testcase classname="de.boehmke.beispielrechner.BeispielBerechnungTest" name="testSubFail" time="0.0" />
  <system-out><![CDATA[]]></system-out>
  <system-err><![CDATA[]]></system-err>
</testsuite>
